<?xml version="1.0" encoding="UTF-8" ?>
<testsuite errors="2" failures="1" hostname="Rogerio-PC" name="faculdade.ProfessorControllerSpec" tests="7" time="3.576" timestamp="2014-07-08T00:30:45">
  <properties />
  <testcase classname="faculdade.ProfessorControllerSpec" name="Test the index action returns the correct model" time="1.722" />
  <testcase classname="faculdade.ProfessorControllerSpec" name="Test the create action returns the correct model" time="0.228" />
  <testcase classname="faculdade.ProfessorControllerSpec" name="Test the save action correctly persists an instance" time="0.548">
    <error message="Cannot redirect for object [faculdade.Professor : (unsaved)] it is not a domain or has no identifier. Use an explicit redirect instead " type="org.codehaus.groovy.grails.web.servlet.mvc.exceptions.CannotRedirectException">org.codehaus.groovy.grails.web.servlet.mvc.exceptions.CannotRedirectException: Cannot redirect for object [faculdade.Professor : (unsaved)] it is not a domain or has no identifier. Use an explicit redirect instead 
	at org.codehaus.groovy.grails.plugins.web.api.ControllersApi.redirect(ControllersApi.java:274)
	at org.springsource.loaded.ri.ReflectiveInterceptor.jlrMethodInvoke(ReflectiveInterceptor.java:1254)
	at groovy.lang.GroovyObjectSupport.invokeMethod(GroovyObjectSupport.java:44)
	at faculdade.ProfessorController.tt__save_closure10_closure15(ProfessorController.groovy:46)
	at faculdade.ProfessorController.tt__save_closure10_closure15(ProfessorController.groovy)
	at org.springsource.loaded.ri.ReflectiveInterceptor.jlrMethodInvoke(ReflectiveInterceptor.java:1254)
	at groovy.lang.Closure.call(Closure.java:411)
	at groovy.lang.Closure.call(Closure.java:405)
	at org.codehaus.groovy.grails.plugins.web.api.MimeTypesApiSupport.getResponseForFormat(MimeTypesApiSupport.groovy:142)
	at org.codehaus.groovy.grails.plugins.web.api.MimeTypesApiSupport.withFormatInternal(MimeTypesApiSupport.groovy:57)
	at org.codehaus.groovy.grails.plugins.web.api.MimeTypesApiSupport.withFormat(MimeTypesApiSupport.groovy:40)
	at org.codehaus.groovy.grails.plugins.web.api.RequestMimeTypesApi.withFormat(RequestMimeTypesApi.groovy:95)
	at faculdade.ProfessorController.$tt__save(ProfessorController.groovy:43)
	at faculdade.ProfessorController.save_closure4(ProfessorController.groovy)
	at org.springsource.loaded.ri.ReflectiveInterceptor.jlrMethodInvoke(ReflectiveInterceptor.java:1254)
	at groovy.lang.Closure.call(Closure.java:411)
	at groovy.lang.Closure.call(Closure.java:427)
	at org.codehaus.groovy.grails.orm.support.GrailsTransactionTemplate$1.doInTransaction(GrailsTransactionTemplate.groovy:62)
	at org.springframework.transaction.support.TransactionTemplate.execute(TransactionTemplate.java:131)
	at org.codehaus.groovy.grails.orm.support.GrailsTransactionTemplate.execute(GrailsTransactionTemplate.groovy:59)
	at faculdade.ProfessorControllerSpec.Test the save action correctly persists an instance(ProfessorControllerSpec.groovy:53)
</error>
  </testcase>
  <testcase classname="faculdade.ProfessorControllerSpec" name="Test that the show action returns the correct model" time="0.187" />
  <testcase classname="faculdade.ProfessorControllerSpec" name="Test that the edit action returns the correct model" time="0.218" />
  <testcase classname="faculdade.ProfessorControllerSpec" name="Test the update action performs an update on a valid domain instance" time="0.41">
    <error message="Cannot get property &apos;id&apos; on null object" type="java.lang.NullPointerException">java.lang.NullPointerException: Cannot get property &apos;id&apos; on null object
	at faculdade.ProfessorControllerSpec.Test the update action performs an update on a valid domain instance(ProfessorControllerSpec.groovy:120)
</error>
  </testcase>
  <testcase classname="faculdade.ProfessorControllerSpec" name="Test that the delete action deletes an instance if it exists" time="0.243">
    <failure message="Condition not satisfied:&#xa;&#xa;Professor.count() == 1&#xa;          |       |&#xa;          0       false&#xa;" type="junit.framework.AssertionFailedError">junit.framework.AssertionFailedError: Condition not satisfied:

Professor.count() == 1
          |       |
          0       false

	at faculdade.ProfessorControllerSpec.Test that the delete action deletes an instance if it exists(ProfessorControllerSpec.groovy:139)
</failure>
  </testcase>
  <system-out><![CDATA[--Output from Test the index action returns the correct model--
--Output from Test the create action returns the correct model--
--Output from Test the save action correctly persists an instance--
--Output from Test that the show action returns the correct model--
--Output from Test that the edit action returns the correct model--
--Output from Test the update action performs an update on a valid domain instance--
--Output from Test that the delete action deletes an instance if it exists--
]]></system-out>
  <system-err><![CDATA[--Output from Test the index action returns the correct model--
--Output from Test the create action returns the correct model--
--Output from Test the save action correctly persists an instance--
--Output from Test that the show action returns the correct model--
--Output from Test that the edit action returns the correct model--
--Output from Test the update action performs an update on a valid domain instance--
--Output from Test that the delete action deletes an instance if it exists--
]]></system-err>
</testsuite>
